\BOOKMARK [1][-]{section.1}{Introduction}{}% 1
\BOOKMARK [2][-]{subsection.1.1}{Context and Motivation}{section.1}% 2
\BOOKMARK [2][-]{subsection.1.2}{Objectives}{section.1}% 3
\BOOKMARK [2][-]{subsection.1.3}{System Overview}{section.1}% 4
\BOOKMARK [1][-]{section.2}{Environment Setup}{}% 5
\BOOKMARK [2][-]{subsection.2.1}{Restaurant World Design}{section.2}% 6
\BOOKMARK [2][-]{subsection.2.2}{Map Generation}{section.2}% 7
\BOOKMARK [2][-]{subsection.2.3}{Coordinate System and Table Positions}{section.2}% 8
\BOOKMARK [2][-]{subsection.2.4}{Obstacle Inflation}{section.2}% 9
\BOOKMARK [1][-]{section.3}{Classical Navigation}{}% 10
\BOOKMARK [2][-]{subsection.3.1}{Path Planning Algorithms}{section.3}% 11
\BOOKMARK [3][-]{subsubsection.3.1.1}{A* Algorithm}{subsection.3.1}% 12
\BOOKMARK [3][-]{subsubsection.3.1.2}{Dijkstra's Algorithm}{subsection.3.1}% 13
\BOOKMARK [3][-]{subsubsection.3.1.3}{Greedy Best-First Search}{subsection.3.1}% 14
\BOOKMARK [3][-]{subsubsection.3.1.4}{Comparison of Path Planning Algorithms}{subsection.3.1}% 15
\BOOKMARK [2][-]{subsection.3.2}{DWA Controller \(Path Following\)}{section.3}% 16
\BOOKMARK [3][-]{subsubsection.3.2.1}{Kinematic Model}{subsection.3.2}% 17
\BOOKMARK [3][-]{subsubsection.3.2.2}{Dynamic Window}{subsection.3.2}% 18
\BOOKMARK [3][-]{subsubsection.3.2.3}{Cost Function}{subsection.3.2}% 19
\BOOKMARK [1][-]{section.4}{Reinforcement Learning Navigation}{}% 20
\BOOKMARK [2][-]{subsection.4.1}{Problem Formulation as MDP}{section.4}% 21
\BOOKMARK [2][-]{subsection.4.2}{Environment: FastRobot2DEnv}{section.4}% 22
\BOOKMARK [3][-]{subsubsection.4.2.1}{Observation Space \(26 values\)}{subsection.4.2}% 23
\BOOKMARK [3][-]{subsubsection.4.2.2}{Action Space}{subsection.4.2}% 24
\BOOKMARK [3][-]{subsubsection.4.2.3}{Distance Map \(Dijkstra Flood Fill\)}{subsection.4.2}% 25
\BOOKMARK [2][-]{subsection.4.3}{Reward Function}{section.4}% 26
\BOOKMARK [2][-]{subsection.4.4}{PPO Algorithm \(Actor-Critic\)}{section.4}% 27
\BOOKMARK [3][-]{subsubsection.4.4.1}{Policy Loss \(Actor\)}{subsection.4.4}% 28
\BOOKMARK [3][-]{subsubsection.4.4.2}{Value Loss \(Critic\)}{subsection.4.4}% 29
\BOOKMARK [3][-]{subsubsection.4.4.3}{Entropy Bonus}{subsection.4.4}% 30
\BOOKMARK [3][-]{subsubsection.4.4.4}{Total Loss}{subsection.4.4}% 31
\BOOKMARK [3][-]{subsubsection.4.4.5}{Training Hyperparameters}{subsection.4.4}% 32
\BOOKMARK [2][-]{subsection.4.5}{Training Results}{section.4}% 33
\BOOKMARK [2][-]{subsection.4.6}{IA Navigation Trajectories}{section.4}% 34
\BOOKMARK [1][-]{section.5}{Comparative Analysis}{}% 35
\BOOKMARK [2][-]{subsection.5.1}{Benchmark Methodology}{section.5}% 36
\BOOKMARK [2][-]{subsection.5.2}{Results}{section.5}% 37
\BOOKMARK [2][-]{subsection.5.3}{Analysis}{section.5}% 38
\BOOKMARK [3][-]{subsubsection.5.3.1}{Path Efficiency}{subsection.5.3}% 39
\BOOKMARK [3][-]{subsubsection.5.3.2}{Navigation Success Rate}{subsection.5.3}% 40
\BOOKMARK [3][-]{subsubsection.5.3.3}{Obstacle Avoidance}{subsection.5.3}% 41
\BOOKMARK [3][-]{subsubsection.5.3.4}{Computation Time}{subsection.5.3}% 42
\BOOKMARK [3][-]{subsubsection.5.3.5}{Computational Resources}{subsection.5.3}% 43
\BOOKMARK [1][-]{section.6}{Discussion}{}% 44
\BOOKMARK [2][-]{subsection.6.1}{Strengths and Weaknesses}{section.6}% 45
\BOOKMARK [2][-]{subsection.6.2}{Potential Improvements for the RL Agent}{section.6}% 46
\BOOKMARK [1][-]{section.7}{Conclusion}{}% 47
